********************************************************************************
DUPLICATOR-LITE PACKAGE-LOG: July 29, 2020 2:05 pm
NOTICE: Do NOT post to public sites or forums 
********************************************************************************
VERSION:	1.3.36
WORDPRESS:	5.4.2
PHP INFO:	7.3.12 | SAPI: apache2handler
SERVER:		Apache/2.4.41 (Win64) PHP/7.3.12 
PHP TIME LIMIT: (0) no time limit imposed 
PHP MAX MEMORY: 4294967296 (128M default) 
MEMORY STACK: 2MB

********************************************************************************
DATABASE:
********************************************************************************
BUILD MODE:   PHP(query limit - 100)
MYSQLTIMEOUT: 5000
MYSQLDUMP:    Not Supported
TABLES: total:50 | filtered:0 | create:50
FILTERED: []
SQL CREATED: 20200729_ecommerce_e2f444910b9cc03d9500_20200729140502_database.sql
SQL FILE SIZE: 779.3KB (798008)
SQL FILE TIME: 2020-07-29 14:05:36
SQL RUNTIME: 3.28 sec.

********************************************************************************
ARCHIVE (ZIP):
********************************************************************************
ARCHIVE DIR:  C:/wamp/www/wordpress-ecommerce
ARCHIVE FILE: 20200729_ecommerce_e2f444910b9cc03d9500_20200729140502_archive.zip
FILTERS: *OFF*
DIRS:
	not set
FILES:
	not set
EXTS:  not set
----------------------------------------
COMPRESSING
SIZE:	140.06MB
STATS:	Dirs 1,277 | Files 8,247
SQL ADDED: 20200729_ecommerce_e2f444910b9cc03d9500_20200729140502_database.sql
ZipArchive Object
(
    [status] => 0
    [statusSys] => 0
    [numFiles] => 9524
    [filename] => C:\wamp\www\wordpress-ecommerce\wp-content\backups-dup-lite\tmp\20200729_ecommerce_e2f444910b9cc03d9500_20200729140502_archive.zip
    [comment] => 
)

FILE ADDED TO ZIP: 9523
COMPRESSION RESULT: '1'
COMPRESSED SIZE: 47.68MB
ARCHIVE RUNTIME: 1230.45 sec.
MEMORY STACK: 6MB
building installer
add_extra_files1
add_extra_files2
add_extra_files3
add_extra_files4
Doing archive file check
add_extra_files5
add_extra_files6
add_extra_files8
Successfully opened zip C:/wamp/www/wordpress-ecommerce/wp-content/backups-dup-lite/tmp/20200729_ecommerce_e2f444910b9cc03d9500_20200729140502_archive.zip
Adding enhanced installer files to archive using ZipArchive
Installer files added to archive
Added to archive
After ziparchive close when adding installer

********************************************************************************
INTEGRITY CHECKS:
********************************************************************************
SQL FILE: 779.3KB
INSTALLER FILE: 61.32KB
ARCHIVE FILE: 49.2MB 
EXPECTED FILE/DIRECTORY COUNT: 9,524
ACTUAL FILE/DIRECTORY COUNT: 9,523
ARCHIVE CONSISTENCY TEST: Pass

********************************************************************************
RECORD ID:[1]
TOTAL PROCESS RUNTIME: 1239.15 sec.
PEAK PHP MEMORY USED: 8MB
DONE PROCESSING => 20200729_ecommerce July 29, 2020 2:26 pm

